[1.095s] DEBUG:colcon:Command line arguments: ['/usr/bin/colcon', 'build', '--packages-select', 'encoder_pkg', '--symlink-install']
[1.096s] DEBUG:colcon:Parsed command line arguments: Namespace(log_base=None, log_level=None, verb_name='build', build_base='build', install_base='install', merge_install=False, symlink_install=True, test_result_base=None, continue_on_error=False, executor='parallel', parallel_workers=4, event_handlers=None, ignore_user_meta=False, metas=['./colcon.meta'], base_paths=['.'], packages_ignore=None, packages_ignore_regex=None, paths=None, packages_up_to=None, packages_up_to_regex=None, packages_above=None, packages_above_and_dependencies=None, packages_above_depth=None, packages_select_by_dep=None, packages_skip_by_dep=None, packages_skip_up_to=None, packages_select_build_failed=False, packages_skip_build_finished=False, packages_select_test_failures=False, packages_skip_test_passed=False, packages_select=['encoder_pkg'], packages_skip=None, packages_select_regex=None, packages_skip_regex=None, packages_start=None, packages_end=None, allow_overriding=[], cmake_args=None, cmake_target=None, cmake_target_skip_unavailable=False, cmake_clean_cache=False, cmake_clean_first=False, cmake_force_configure=False, ament_cmake_args=None, catkin_cmake_args=None, catkin_skip_building_tests=False, mixin_files=None, mixin=None, verb_parser=<colcon_mixin.mixin.mixin_argument.MixinArgumentDecorator object at 0xffff80722110>, verb_extension=<colcon_core.verb.build.BuildVerb object at 0xffff808cb0a0>, main=<bound method BuildVerb.main of <colcon_core.verb.build.BuildVerb object at 0xffff808cb0a0>>, mixin_verb=('build',))
[3.341s] Level 1:colcon.colcon_core.package_discovery:discover_packages(colcon_meta) check parameters
[3.341s] Level 1:colcon.colcon_core.package_discovery:discover_packages(recursive) check parameters
[3.342s] Level 1:colcon.colcon_core.package_discovery:discover_packages(ignore) check parameters
[3.342s] Level 1:colcon.colcon_core.package_discovery:discover_packages(path) check parameters
[3.343s] Level 1:colcon.colcon_core.package_discovery:discover_packages(colcon_meta) discover
[3.344s] Level 1:colcon.colcon_core.package_discovery:discover_packages(recursive) discover
[3.344s] INFO:colcon.colcon_core.package_discovery:Crawling recursively for packages in '/home/pi/ros2_ws'
[3.345s] Level 1:colcon.colcon_core.package_identification:_identify(.) by extensions ['ignore', 'ignore_ament_install']
[3.346s] Level 1:colcon.colcon_core.package_identification:_identify(.) by extension 'ignore'
[3.347s] Level 1:colcon.colcon_core.package_identification:_identify(.) by extension 'ignore_ament_install'
[3.347s] Level 1:colcon.colcon_core.package_identification:_identify(.) by extensions ['colcon_pkg']
[3.347s] Level 1:colcon.colcon_core.package_identification:_identify(.) by extension 'colcon_pkg'
[3.348s] Level 1:colcon.colcon_core.package_identification:_identify(.) by extensions ['colcon_meta']
[3.348s] Level 1:colcon.colcon_core.package_identification:_identify(.) by extension 'colcon_meta'
[3.348s] Level 1:colcon.colcon_core.package_identification:_identify(.) by extensions ['ros']
[3.348s] Level 1:colcon.colcon_core.package_identification:_identify(.) by extension 'ros'
[3.403s] Level 1:colcon.colcon_core.package_identification:_identify(.) by extensions ['cmake', 'python']
[3.404s] Level 1:colcon.colcon_core.package_identification:_identify(.) by extension 'cmake'
[3.404s] Level 1:colcon.colcon_core.package_identification:_identify(.) by extension 'python'
[3.404s] Level 1:colcon.colcon_core.package_identification:_identify(.) by extensions ['python_setup_py']
[3.404s] Level 1:colcon.colcon_core.package_identification:_identify(.) by extension 'python_setup_py'
[3.405s] Level 1:colcon.colcon_core.package_identification:_identify(build) by extensions ['ignore', 'ignore_ament_install']
[3.406s] Level 1:colcon.colcon_core.package_identification:_identify(build) by extension 'ignore'
[3.406s] Level 1:colcon.colcon_core.package_identification:_identify(build) ignored
[3.407s] Level 1:colcon.colcon_core.package_identification:_identify(install) by extensions ['ignore', 'ignore_ament_install']
[3.408s] Level 1:colcon.colcon_core.package_identification:_identify(install) by extension 'ignore'
[3.408s] Level 1:colcon.colcon_core.package_identification:_identify(install) ignored
[3.409s] Level 1:colcon.colcon_core.package_identification:_identify(log) by extensions ['ignore', 'ignore_ament_install']
[3.410s] Level 1:colcon.colcon_core.package_identification:_identify(log) by extension 'ignore'
[3.410s] Level 1:colcon.colcon_core.package_identification:_identify(log) ignored
[3.411s] Level 1:colcon.colcon_core.package_identification:_identify(src) by extensions ['ignore', 'ignore_ament_install']
[3.411s] Level 1:colcon.colcon_core.package_identification:_identify(src) by extension 'ignore'
[3.412s] Level 1:colcon.colcon_core.package_identification:_identify(src) by extension 'ignore_ament_install'
[3.412s] Level 1:colcon.colcon_core.package_identification:_identify(src) by extensions ['colcon_pkg']
[3.412s] Level 1:colcon.colcon_core.package_identification:_identify(src) by extension 'colcon_pkg'
[3.413s] Level 1:colcon.colcon_core.package_identification:_identify(src) by extensions ['colcon_meta']
[3.413s] Level 1:colcon.colcon_core.package_identification:_identify(src) by extension 'colcon_meta'
[3.413s] Level 1:colcon.colcon_core.package_identification:_identify(src) by extensions ['ros']
[3.413s] Level 1:colcon.colcon_core.package_identification:_identify(src) by extension 'ros'
[3.414s] Level 1:colcon.colcon_core.package_identification:_identify(src) by extensions ['cmake', 'python']
[3.414s] Level 1:colcon.colcon_core.package_identification:_identify(src) by extension 'cmake'
[3.415s] Level 1:colcon.colcon_core.package_identification:_identify(src) by extension 'python'
[3.415s] Level 1:colcon.colcon_core.package_identification:_identify(src) by extensions ['python_setup_py']
[3.416s] Level 1:colcon.colcon_core.package_identification:_identify(src) by extension 'python_setup_py'
[3.416s] Level 1:colcon.colcon_core.package_identification:_identify(src/encoder_pkg) by extensions ['ignore', 'ignore_ament_install']
[3.417s] Level 1:colcon.colcon_core.package_identification:_identify(src/encoder_pkg) by extension 'ignore'
[3.418s] Level 1:colcon.colcon_core.package_identification:_identify(src/encoder_pkg) by extension 'ignore_ament_install'
[3.418s] Level 1:colcon.colcon_core.package_identification:_identify(src/encoder_pkg) by extensions ['colcon_pkg']
[3.419s] Level 1:colcon.colcon_core.package_identification:_identify(src/encoder_pkg) by extension 'colcon_pkg'
[3.419s] Level 1:colcon.colcon_core.package_identification:_identify(src/encoder_pkg) by extensions ['colcon_meta']
[3.420s] Level 1:colcon.colcon_core.package_identification:_identify(src/encoder_pkg) by extension 'colcon_meta'
[3.420s] Level 1:colcon.colcon_core.package_identification:_identify(src/encoder_pkg) by extensions ['ros']
[3.421s] Level 1:colcon.colcon_core.package_identification:_identify(src/encoder_pkg) by extension 'ros'
[3.450s] DEBUG:colcon.colcon_core.package_identification:Package 'src/encoder_pkg' with type 'ros.ament_python' and name 'encoder_pkg'
[3.452s] Level 1:colcon.colcon_core.package_discovery:discover_packages(recursive) using defaults
[3.453s] Level 1:colcon.colcon_core.package_discovery:discover_packages(ignore) discover
[3.453s] Level 1:colcon.colcon_core.package_discovery:discover_packages(ignore) using defaults
[3.454s] Level 1:colcon.colcon_core.package_discovery:discover_packages(path) discover
[3.455s] Level 1:colcon.colcon_core.package_discovery:discover_packages(path) using defaults
[3.764s] Level 1:colcon.colcon_core.package_discovery:discover_packages(prefix_path) check parameters
[3.764s] Level 1:colcon.colcon_core.package_discovery:discover_packages(prefix_path) discover
[3.786s] DEBUG:colcon.colcon_installed_package_information.package_discovery:Found 1 installed packages in /home/pi/ros2_ws/install
[3.798s] DEBUG:colcon.colcon_installed_package_information.package_discovery:Found 272 installed packages in /opt/ros/humble
[3.810s] Level 1:colcon.colcon_core.package_discovery:discover_packages(prefix_path) using defaults
[4.221s] Level 5:colcon.colcon_core.verb:set package 'encoder_pkg' build argument 'cmake_args' from command line to 'None'
[4.221s] Level 5:colcon.colcon_core.verb:set package 'encoder_pkg' build argument 'cmake_target' from command line to 'None'
[4.221s] Level 5:colcon.colcon_core.verb:set package 'encoder_pkg' build argument 'cmake_target_skip_unavailable' from command line to 'False'
[4.222s] Level 5:colcon.colcon_core.verb:set package 'encoder_pkg' build argument 'cmake_clean_cache' from command line to 'False'
[4.222s] Level 5:colcon.colcon_core.verb:set package 'encoder_pkg' build argument 'cmake_clean_first' from command line to 'False'
[4.222s] Level 5:colcon.colcon_core.verb:set package 'encoder_pkg' build argument 'cmake_force_configure' from command line to 'False'
[4.223s] Level 5:colcon.colcon_core.verb:set package 'encoder_pkg' build argument 'ament_cmake_args' from command line to 'None'
[4.223s] Level 5:colcon.colcon_core.verb:set package 'encoder_pkg' build argument 'catkin_cmake_args' from command line to 'None'
[4.223s] Level 5:colcon.colcon_core.verb:set package 'encoder_pkg' build argument 'catkin_skip_building_tests' from command line to 'False'
[4.224s] DEBUG:colcon.colcon_core.verb:Building package 'encoder_pkg' with the following arguments: {'ament_cmake_args': None, 'build_base': '/home/pi/ros2_ws/build/encoder_pkg', 'catkin_cmake_args': None, 'catkin_skip_building_tests': False, 'cmake_args': None, 'cmake_clean_cache': False, 'cmake_clean_first': False, 'cmake_force_configure': False, 'cmake_target': None, 'cmake_target_skip_unavailable': False, 'install_base': '/home/pi/ros2_ws/install/encoder_pkg', 'merge_install': False, 'path': '/home/pi/ros2_ws/src/encoder_pkg', 'symlink_install': True, 'test_result_base': None}
[4.225s] INFO:colcon.colcon_core.executor:Executing jobs using 'parallel' executor
[4.243s] DEBUG:colcon.colcon_parallel_executor.executor.parallel:run_until_complete
[4.246s] INFO:colcon.colcon_ros.task.ament_python.build:Building ROS package in '/home/pi/ros2_ws/src/encoder_pkg' with build type 'ament_python'
[4.247s] Level 1:colcon.colcon_core.shell:create_environment_hook('encoder_pkg', 'ament_prefix_path')
[4.303s] INFO:colcon.colcon_core.plugin_system:Skipping extension 'colcon_core.shell.bat': Not used on non-Windows systems
[4.307s] INFO:colcon.colcon_core.shell:Creating environment hook '/home/pi/ros2_ws/install/encoder_pkg/share/encoder_pkg/hook/ament_prefix_path.ps1'
[4.318s] INFO:colcon.colcon_core.shell:Creating environment descriptor '/home/pi/ros2_ws/install/encoder_pkg/share/encoder_pkg/hook/ament_prefix_path.dsv'
[4.326s] INFO:colcon.colcon_core.shell:Creating environment hook '/home/pi/ros2_ws/install/encoder_pkg/share/encoder_pkg/hook/ament_prefix_path.sh'
[4.337s] INFO:colcon.colcon_core.shell:Skip shell extension 'powershell' for command environment: Not usable outside of PowerShell
[4.338s] DEBUG:colcon.colcon_core.shell:Skip shell extension 'dsv' for command environment
[6.401s] INFO:colcon.colcon_core.task.python.build:Building Python package in '/home/pi/ros2_ws/src/encoder_pkg'
[6.403s] INFO:colcon.colcon_core.shell:Skip shell extension 'powershell' for command environment: Not usable outside of PowerShell
[6.403s] DEBUG:colcon.colcon_core.shell:Skip shell extension 'dsv' for command environment
[9.370s] DEBUG:colcon.colcon_core.task.python.build:While undoing a previous installation files outside the Python library path are being ignored: /home/pi/ros2_ws/install/encoder_pkg/share/ament_index/resource_index/packages/encoder_pkg
[9.371s] DEBUG:colcon.colcon_core.task.python.build:While undoing a previous installation files outside the Python library path are being ignored: /home/pi/ros2_ws/install/encoder_pkg/share/encoder_pkg/package.xml
[9.375s] DEBUG:colcon.colcon_core.task.python.build:While undoing a previous installation files outside the Python library path are being ignored: /home/pi/ros2_ws/install/encoder_pkg/lib/encoder_pkg/encoder_node
[9.388s] DEBUG:colcon.colcon_core.event_handler.log_command:Invoking command in '/home/pi/ros2_ws/build/encoder_pkg': PYTHONPATH=/home/pi/ros2_ws/build/encoder_pkg/prefix_override:/usr/lib/python3/dist-packages/colcon_core/task/python/colcon_distutils_commands:/home/pi/ros2_ws/install/encoder_pkg/lib/python3.10/site-packages:${PYTHONPATH} /usr/bin/python3 -W ignore:setup.py install is deprecated -W ignore:easy_install command is deprecated setup.py develop --editable --build-directory /home/pi/ros2_ws/build/encoder_pkg/build --no-deps symlink_data --force
[13.039s] Level 1:colcon.colcon_core.shell:create_environment_hook('encoder_pkg', 'pythonpath_develop')
[13.041s] INFO:colcon.colcon_core.shell:Creating environment hook '/home/pi/ros2_ws/build/encoder_pkg/share/encoder_pkg/hook/pythonpath_develop.ps1'
[13.044s] DEBUG:colcon.colcon_core.event_handler.log_command:Invoked command in '/home/pi/ros2_ws/build/encoder_pkg' returned '0': PYTHONPATH=/home/pi/ros2_ws/build/encoder_pkg/prefix_override:/usr/lib/python3/dist-packages/colcon_core/task/python/colcon_distutils_commands:/home/pi/ros2_ws/install/encoder_pkg/lib/python3.10/site-packages:${PYTHONPATH} /usr/bin/python3 -W ignore:setup.py install is deprecated -W ignore:easy_install command is deprecated setup.py develop --editable --build-directory /home/pi/ros2_ws/build/encoder_pkg/build --no-deps symlink_data --force
[13.048s] INFO:colcon.colcon_core.shell:Creating environment descriptor '/home/pi/ros2_ws/build/encoder_pkg/share/encoder_pkg/hook/pythonpath_develop.dsv'
[13.051s] INFO:colcon.colcon_core.shell:Creating environment hook '/home/pi/ros2_ws/build/encoder_pkg/share/encoder_pkg/hook/pythonpath_develop.sh'
[13.072s] Level 1:colcon.colcon_core.environment:checking '/home/pi/ros2_ws/install/encoder_pkg' for CMake module files
[13.075s] Level 1:colcon.colcon_core.environment:checking '/home/pi/ros2_ws/install/encoder_pkg' for CMake config files
[13.080s] Level 1:colcon.colcon_core.environment:checking '/home/pi/ros2_ws/install/encoder_pkg/lib'
[13.081s] Level 1:colcon.colcon_core.environment:checking '/home/pi/ros2_ws/install/encoder_pkg/bin'
[13.082s] Level 1:colcon.colcon_core.environment:checking '/home/pi/ros2_ws/install/encoder_pkg/lib/pkgconfig/encoder_pkg.pc'
[13.083s] Level 1:colcon.colcon_core.environment:checking '/home/pi/ros2_ws/install/encoder_pkg/lib/python3.10/site-packages'
[13.084s] Level 1:colcon.colcon_core.shell:create_environment_hook('encoder_pkg', 'pythonpath')
[13.085s] INFO:colcon.colcon_core.shell:Creating environment hook '/home/pi/ros2_ws/install/encoder_pkg/share/encoder_pkg/hook/pythonpath.ps1'
[13.089s] INFO:colcon.colcon_core.shell:Creating environment descriptor '/home/pi/ros2_ws/install/encoder_pkg/share/encoder_pkg/hook/pythonpath.dsv'
[13.092s] INFO:colcon.colcon_core.shell:Creating environment hook '/home/pi/ros2_ws/install/encoder_pkg/share/encoder_pkg/hook/pythonpath.sh'
[13.096s] Level 1:colcon.colcon_core.environment:checking '/home/pi/ros2_ws/install/encoder_pkg/bin'
[13.097s] Level 1:colcon.colcon_core.environment:create_environment_scripts_only(encoder_pkg)
[13.099s] INFO:colcon.colcon_core.shell:Creating package script '/home/pi/ros2_ws/install/encoder_pkg/share/encoder_pkg/package.ps1'
[13.104s] INFO:colcon.colcon_core.shell:Creating package descriptor '/home/pi/ros2_ws/install/encoder_pkg/share/encoder_pkg/package.dsv'
[13.108s] INFO:colcon.colcon_core.shell:Creating package script '/home/pi/ros2_ws/install/encoder_pkg/share/encoder_pkg/package.sh'
[13.113s] INFO:colcon.colcon_core.shell:Creating package script '/home/pi/ros2_ws/install/encoder_pkg/share/encoder_pkg/package.bash'
[13.119s] INFO:colcon.colcon_core.shell:Creating package script '/home/pi/ros2_ws/install/encoder_pkg/share/encoder_pkg/package.zsh'
[13.124s] Level 1:colcon.colcon_core.environment:create_file_with_runtime_dependencies(/home/pi/ros2_ws/install/encoder_pkg/share/colcon-core/packages/encoder_pkg)
[13.129s] DEBUG:colcon.colcon_parallel_executor.executor.parallel:closing loop
[13.129s] DEBUG:colcon.colcon_parallel_executor.executor.parallel:loop closed
[13.130s] DEBUG:colcon.colcon_parallel_executor.executor.parallel:run_until_complete finished with '0'
[13.130s] DEBUG:colcon.colcon_core.event_reactor:joining thread
[13.164s] INFO:colcon.colcon_core.plugin_system:Skipping extension 'colcon_notification.desktop_notification.terminal_notifier': Not used on non-Darwin systems
[13.165s] INFO:colcon.colcon_core.plugin_system:Skipping extension 'colcon_notification.desktop_notification.win32': Not used on non-Windows systems
[13.165s] INFO:colcon.colcon_notification.desktop_notification:Sending desktop notification using 'notify2'
[13.310s] DEBUG:colcon.colcon_core.event_reactor:joined thread
[13.311s] INFO:colcon.colcon_core.shell:Creating prefix script '/home/pi/ros2_ws/install/local_setup.ps1'
[13.317s] INFO:colcon.colcon_core.shell:Creating prefix util module '/home/pi/ros2_ws/install/_local_setup_util_ps1.py'
[13.326s] INFO:colcon.colcon_core.shell:Creating prefix chain script '/home/pi/ros2_ws/install/setup.ps1'
[13.338s] INFO:colcon.colcon_core.shell:Creating prefix script '/home/pi/ros2_ws/install/local_setup.sh'
[13.343s] INFO:colcon.colcon_core.shell:Creating prefix util module '/home/pi/ros2_ws/install/_local_setup_util_sh.py'
[13.349s] INFO:colcon.colcon_core.shell:Creating prefix chain script '/home/pi/ros2_ws/install/setup.sh'
[13.358s] INFO:colcon.colcon_core.shell:Creating prefix script '/home/pi/ros2_ws/install/local_setup.bash'
[13.362s] INFO:colcon.colcon_core.shell:Creating prefix chain script '/home/pi/ros2_ws/install/setup.bash'
[13.371s] INFO:colcon.colcon_core.shell:Creating prefix script '/home/pi/ros2_ws/install/local_setup.zsh'
[13.376s] INFO:colcon.colcon_core.shell:Creating prefix chain script '/home/pi/ros2_ws/install/setup.zsh'
