running egg_info
creating ../../build/encoder_pkg/encoder_pkg.egg-info
writing ../../build/encoder_pkg/encoder_pkg.egg-info/PKG-INFO
writing dependency_links to ../../build/encoder_pkg/encoder_pkg.egg-info/dependency_links.txt
writing entry points to ../../build/encoder_pkg/encoder_pkg.egg-info/entry_points.txt
writing requirements to ../../build/encoder_pkg/encoder_pkg.egg-info/requires.txt
writing top-level names to ../../build/encoder_pkg/encoder_pkg.egg-info/top_level.txt
writing manifest file '../../build/encoder_pkg/encoder_pkg.egg-info/SOURCES.txt'
reading manifest file '../../build/encoder_pkg/encoder_pkg.egg-info/SOURCES.txt'
writing manifest file '../../build/encoder_pkg/encoder_pkg.egg-info/SOURCES.txt'
running build
running build_py
creating /home/pi/ros2_ws/build/encoder_pkg/build
creating /home/pi/ros2_ws/build/encoder_pkg/build/lib
creating /home/pi/ros2_ws/build/encoder_pkg/build/lib/encoder_pkg
copying encoder_pkg/encoder_node.py -> /home/pi/ros2_ws/build/encoder_pkg/build/lib/encoder_pkg
copying encoder_pkg/__init__.py -> /home/pi/ros2_ws/build/encoder_pkg/build/lib/encoder_pkg
running install
running install_lib
creating /home/pi/ros2_ws/install/encoder_pkg/lib/python3.10/site-packages/encoder_pkg
copying /home/pi/ros2_ws/build/encoder_pkg/build/lib/encoder_pkg/encoder_node.py -> /home/pi/ros2_ws/install/encoder_pkg/lib/python3.10/site-packages/encoder_pkg
copying /home/pi/ros2_ws/build/encoder_pkg/build/lib/encoder_pkg/__init__.py -> /home/pi/ros2_ws/install/encoder_pkg/lib/python3.10/site-packages/encoder_pkg
byte-compiling /home/pi/ros2_ws/install/encoder_pkg/lib/python3.10/site-packages/encoder_pkg/encoder_node.py to encoder_node.cpython-310.pyc
byte-compiling /home/pi/ros2_ws/install/encoder_pkg/lib/python3.10/site-packages/encoder_pkg/__init__.py to __init__.cpython-310.pyc
running install_data
creating /home/pi/ros2_ws/install/encoder_pkg/share/ament_index
creating /home/pi/ros2_ws/install/encoder_pkg/share/ament_index/resource_index
creating /home/pi/ros2_ws/install/encoder_pkg/share/ament_index/resource_index/packages
copying resource/encoder_pkg -> /home/pi/ros2_ws/install/encoder_pkg/share/ament_index/resource_index/packages
copying package.xml -> /home/pi/ros2_ws/install/encoder_pkg/share/encoder_pkg
running install_egg_info
Copying ../../build/encoder_pkg/encoder_pkg.egg-info to /home/pi/ros2_ws/install/encoder_pkg/lib/python3.10/site-packages/encoder_pkg-0.0.0-py3.10.egg-info
running install_scripts
Installing encoder_node script to /home/pi/ros2_ws/install/encoder_pkg/lib/encoder_pkg
writing list of installed files to '/home/pi/ros2_ws/build/encoder_pkg/install.log'
